SF:lib\src\asuka_singleton_deprecated.dart
DA:12,0
DA:15,0
DA:25,0
DA:28,0
DA:47,0
DA:51,0
DA:58,0
DA:63,0
DA:69,0
DA:74,0
DA:103,0
DA:111,0
DA:167,0
DA:183,0
DA:253,0
DA:262,0
DA:277,0
DA:279,0
DA:282,0
DA:283,0
LF:20
LH:0
end_of_record
SF:lib\material_banner\material_banner.dart
DA:30,0
DA:40,0
DA:42,0
DA:43,0
DA:47,0
DA:49,0
DA:52,0
DA:72,0
DA:79,0
DA:82,0
DA:83,0
DA:104,0
DA:112,0
DA:115,0
DA:116,0
DA:137,0
DA:145,0
DA:148,0
DA:150,0
DA:171,0
DA:179,0
DA:182,0
DA:184,0
DA:205,0
DA:212,0
DA:215,0
DA:221,0
DA:223,0
DA:224,0
DA:225,0
DA:226,0
DA:227,0
DA:230,0
LF:33
LH:0
end_of_record
SF:lib\snackbars\asuka_snack_bar.dart
DA:37,0
DA:45,0
DA:50,0
DA:51,0
DA:56,0
DA:59,0
DA:79,0
DA:85,0
DA:88,0
DA:89,0
DA:109,0
DA:115,0
DA:118,0
DA:119,0
DA:139,0
DA:146,0
DA:149,0
DA:151,0
DA:171,0
DA:178,0
DA:181,0
DA:183,0
DA:203,0
DA:209,0
DA:212,0
DA:217,0
DA:219,0
LF:27
LH:0
end_of_record
SF:lib\src\asuka_singleton.dart
DA:7,3
DA:13,1
DA:14,1
DA:15,2
DA:24,0
DA:25,0
DA:28,0
DA:38,0
DA:40,0
DA:41,0
DA:42,0
DA:43,0
DA:44,0
DA:55,0
DA:61,0
DA:62,0
DA:63,0
DA:64,0
DA:96,1
DA:101,1
DA:102,0
DA:104,0
DA:105,0
DA:112,1
DA:116,1
DA:117,0
DA:118,0
DA:119,0
DA:125,1
DA:129,1
DA:130,0
DA:132,0
DA:133,0
DA:186,1
DA:193,1
DA:194,0
DA:195,0
DA:259,0
DA:274,0
DA:275,0
DA:336,1
DA:345,0
DA:346,2
DA:397,1
DA:405,1
DA:406,0
DA:407,0
DA:456,1
DA:463,1
DA:464,0
DA:465,0
DA:473,1
DA:478,1
DA:479,0
DA:481,0
DA:482,0
DA:489,1
DA:494,1
DA:495,0
DA:496,0
DA:497,0
DA:503,1
DA:508,1
DA:509,0
DA:511,0
DA:512,0
DA:532,0
DA:533,0
DA:535,0
DA:536,0
DA:537,0
DA:542,0
DA:543,0
DA:544,0
DA:549,0
DA:550,0
DA:551,0
DA:555,0
DA:557,0
DA:561,0
DA:563,0
DA:565,0
DA:566,0
DA:570,0
DA:578,0
DA:579,0
DA:589,0
DA:596,0
DA:597,0
LF:89
LH:24
end_of_record
SF:lib\core\consts.dart
DA:3,0
DA:4,0
DA:5,0
DA:6,0
DA:7,0
DA:8,0
DA:9,0
DA:10,0
DA:17,0
LF:9
LH:0
end_of_record
SF:lib\widgets\asuka_content_widget.dart
DA:11,0
DA:19,0
DA:21,0
DA:23,0
DA:24,0
DA:25,0
DA:26,0
DA:30,0
DA:32,0
DA:33,0
DA:34,0
DA:35,0
DA:41,0
DA:42,0
DA:43,0
DA:44,0
DA:45,0
DA:46,0
LF:18
LH:0
end_of_record
